
--- Job homework_02.gms Start 09/02/25 18:27:22 50.4.0 c55df396 WEX-WEI x86 64bit/MS Windows
--- Applying:
    C:\GAMS\50\gmsprmNT.txt
--- GAMS Parameters defined
    Input "C:\Users\Owner\Desktop\C&PE 778\homework_02.gms"
    PageSize 0
    ScrDir "C:\Users\Owner\Desktop\C&PE 778\225a\"
    SysDir C:\GAMS\50\
    LogOption 3
    AppendLog 1
    ErrMsg 1
    ErrorLog 99
    IDE 1
    LstTitleLeftAligned 1
Licensee: GAMS Demo, for EULA and demo limitations see   G250531/0001CB-GEN
          https://www.gams.com/latest/docs/UG%5FLicense.html         DC0000
          C:\GAMS\50\gamslice.txt
          Demo license for demonstration and instructional purposes only
System information: 8 physical cores and 16 Gb physical memory detected
GAMS 50.4.0   Copyright (C) 1987-2025 GAMS Development. All rights reserved
--- Starting compilation
--- homework_02.gms(71) 3 Mb
--- Starting execution: elapsed 0:00:00.005
--- homework_02.gms(14) 4 Mb
--- Generating NLP model quad
--- homework_02.gms(16) 6 Mb
---   1 rows  3 columns  3 non-zeroes
---   18 nl-code  2 nl-non-zeroes
--- Range statistics (absolute non-zero finite values)
--- RHS       [min, max] : [ 8.000E+00, 8.000E+00]
--- Bound     [min, max] : [        NA,        NA]
--- Matrix    [min, max] : [ 1.000E+00, 1.600E+01]
--- homework_02.gms(16) 4 Mb
--- Executing CONOPT (Solvelink=2): elapsed 0:00:00.018

CONOPT 4         50.4.0 c55df396 Aug 12, 2025          WEI x86 64bit/MS Window

--- *** This solver runs with a demo license. No commercial use.
 
 
    C O N O P T   version 4.37
    Copyright (C) GAMS Software GmbH
                  GAMS Development Corporation
 
    Will use up to 4 threads.
 
 
    The user model has 1 constraints and 3 variables
    with 3 Jacobian elements, 2 of which are nonlinear.
    The Hessian of the Lagrangian has 2 elements on the diagonal,
    1 elements below the diagonal, and 2 nonlinear variables.
 
    Iter Phase   Ninf   Infeasibility   RGmax      NSB   Step  InItr MX OK
       0   0          2.0000000000E+01 (Input point)
 
    The post-triangular part of the model has 1 constraints and variables.
 
    Preprocessed model has no constraints and 2 variables.
 
    Iter Phase   Ninf   Infeasibility   RGmax      NSB   Step  InItr MX OK
                      0.0000000000E+00 (Full preprocessed model)
                      0.0000000000E+00 (After scaling)
 
 ** Feasible solution. Value of objective =    20.0000000000
 
    Iter Phase   Ninf     Objective     RGmax      NSB   Step  InItr MX OK
       1   4          0.0000000000E+00 1.6E+01       2 1.0E+00     2 F  T
       2   4          0.0000000000E+00 7.8E-14       2
 
 ** Optimal solution. Reduced gradient less than tolerance.
 
--- Reading solution for model quad
--- Executing after solve: elapsed 0:00:00.053
--- homework_02.gms(35) 4 Mb
--- Generating NLP model quad
--- homework_02.gms(37) 6 Mb
---   1 rows  3 columns  3 non-zeroes
---   18 nl-code  2 nl-non-zeroes
--- Range statistics (absolute non-zero finite values)
--- RHS       [min, max] : [ 8.000E+00, 8.000E+00]
--- Bound     [min, max] : [        NA,        NA]
--- Matrix    [min, max] : [ 1.000E+00, 2.000E+01]
--- homework_02.gms(37) 4 Mb
--- Executing CONOPT (Solvelink=2): elapsed 0:00:00.056

CONOPT 4         50.4.0 c55df396 Aug 12, 2025          WEI x86 64bit/MS Window

--- *** This solver runs with a demo license. No commercial use.
 
 
    C O N O P T   version 4.37
    Copyright (C) GAMS Software GmbH
                  GAMS Development Corporation
 
    Will use up to 4 threads.
 
 
    The user model has 1 constraints and 3 variables
    with 3 Jacobian elements, 2 of which are nonlinear.
    The Hessian of the Lagrangian has 2 elements on the diagonal,
    1 elements below the diagonal, and 2 nonlinear variables.
 
    Iter Phase   Ninf   Infeasibility   RGmax      NSB   Step  InItr MX OK
       0   0          4.0000000000E+01 (Input point)
 
    The post-triangular part of the model has 1 constraints and variables.
 
    Preprocessed model has no constraints and 2 variables.
 
    Iter Phase   Ninf   Infeasibility   RGmax      NSB   Step  InItr MX OK
                      0.0000000000E+00 (Full preprocessed model)
                      0.0000000000E+00 (After scaling)
 
 ** Feasible solution. Value of objective =    40.0000000000
 
    Iter Phase   Ninf     Objective     RGmax      NSB   Step  InItr MX OK
       1   4          1.7763568394E-15 2.0E+01       2 1.0E+00     2 F  T
       2   4          1.7763568394E-15 1.2E-13       2
 
 ** Optimal solution. Reduced gradient less than tolerance.
 
--- Reading solution for model quad
--- Executing after solve: elapsed 0:00:00.090
--- homework_02.gms(55) 4 Mb
--- Generating NLP model quad
--- homework_02.gms(57) 6 Mb
---   1 rows  3 columns  3 non-zeroes
---   18 nl-code  2 nl-non-zeroes
--- Range statistics (absolute non-zero finite values)
--- RHS       [min, max] : [ 8.000E+00, 8.000E+00]
--- Bound     [min, max] : [        NA,        NA]
--- Matrix    [min, max] : [ 1.000E+00, 4.000E+00]
--- homework_02.gms(57) 4 Mb
--- Executing CONOPT (Solvelink=2): elapsed 0:00:00.092

CONOPT 4         50.4.0 c55df396 Aug 12, 2025          WEI x86 64bit/MS Window

--- *** This solver runs with a demo license. No commercial use.
 
 
    C O N O P T   version 4.37
    Copyright (C) GAMS Software GmbH
                  GAMS Development Corporation
 
    Will use up to 4 threads.
 
 
    The user model has 1 constraints and 3 variables
    with 3 Jacobian elements, 2 of which are nonlinear.
    The Hessian of the Lagrangian has 2 elements on the diagonal,
    1 elements below the diagonal, and 2 nonlinear variables.
 
    Iter Phase   Ninf   Infeasibility   RGmax      NSB   Step  InItr MX OK
       0   0          8.0000000000E+00 (Input point)
 
    The post-triangular part of the model has 1 constraints and variables.
 
    Preprocessed model has no constraints and 2 variables.
 
    Iter Phase   Ninf   Infeasibility   RGmax      NSB   Step  InItr MX OK
                      0.0000000000E+00 (Full preprocessed model)
                      0.0000000000E+00 (After scaling)
 
 ** Feasible solution. Value of objective =    8.00000000000
 
    Iter Phase   Ninf     Objective     RGmax      NSB   Step  InItr MX OK
       1   4          0.0000000000E+00 4.0E+00       2 1.0E+00     2 F  T
       2   4          0.0000000000E+00 7.1E-15       2
 
 ** Optimal solution. Reduced gradient less than tolerance.
 
--- Reading solution for model quad
--- Executing after solve: elapsed 0:00:00.131
--- homework_02.gms(71) 4 Mb
*** Status: Normal completion
--- Job homework_02.gms Stop 09/02/25 18:27:22 elapsed 0:00:00.131
